
*** Running vivado
    with args -log Top.vds -m64 -product Vivado -mode batch -messageDb vivado.pb -notrace -source Top.tcl



****** Vivado v2021.2 (64-bit)
  **** SW Build 3367213 on Tue Oct 19 02:48:09 MDT 2021
  **** IP Build 3369179 on Thu Oct 21 08:25:16 MDT 2021
    ** Copyright 1986-2021 Xilinx, Inc. All Rights Reserved.

source Top.tcl -notrace
create_project: Time (s): cpu = 00:00:07 ; elapsed = 00:00:07 . Memory (MB): peak = 1261.566 ; gain = 8.367
Command: synth_design -top Top -part xc7a50ticsg324-1L
Starting synth_design
Attempting to get a license for feature 'Synthesis' and/or device 'xc7a50ti'
INFO: [Common 17-349] Got license for feature 'Synthesis' and/or device 'xc7a50ti'
INFO: [Device 21-403] Loading part xc7a50ticsg324-1L
INFO: [Synth 8-7079] Multithreading enabled for synth_design using a maximum of 2 processes.
INFO: [Synth 8-7078] Launching helper process for spawning children vivado processes
INFO: [Synth 8-7075] Helper process launched with PID 2852
---------------------------------------------------------------------------------
Starting RTL Elaboration : Time (s): cpu = 00:00:10 ; elapsed = 00:00:10 . Memory (MB): peak = 1261.566 ; gain = 0.000
---------------------------------------------------------------------------------
INFO: [Synth 8-638] synthesizing module 'Top' [C:/Users/Gg229/Desktop/Digital_Electronis/DigitalClock/DigitalClock.srcs/sources_1/new/Top.vhd:31]
INFO: [Synth 8-638] synthesizing module 'Clock' [C:/Users/Gg229/Desktop/Digital_Electronis/DigitalClock/DigitalClock.srcs/sources_1/new/Clock.vhd:19]
INFO: [Synth 8-256] done synthesizing module 'Clock' (1#1) [C:/Users/Gg229/Desktop/Digital_Electronis/DigitalClock/DigitalClock.srcs/sources_1/new/Clock.vhd:19]
INFO: [Synth 8-638] synthesizing module 'clock_enable' [C:/Users/Gg229/Desktop/Digital_Electronis/DigitalClock/DigitalClock.srcs/sources_1/new/clock_enable.vhd:36]
	Parameter g_MAX bound to: 10000000 - type: integer 
INFO: [Synth 8-256] done synthesizing module 'clock_enable' (2#1) [C:/Users/Gg229/Desktop/Digital_Electronis/DigitalClock/DigitalClock.srcs/sources_1/new/clock_enable.vhd:36]
INFO: [Synth 8-638] synthesizing module 'cnt_up_down' [C:/Users/Gg229/Desktop/Digital_Electronis/DigitalClock/DigitalClock.srcs/sources_1/new/cnt_up_down.vhd:35]
	Parameter g_CNT_WIDTH bound to: 3 - type: integer 
INFO: [Synth 8-256] done synthesizing module 'cnt_up_down' (3#1) [C:/Users/Gg229/Desktop/Digital_Electronis/DigitalClock/DigitalClock.srcs/sources_1/new/cnt_up_down.vhd:35]
INFO: [Synth 8-638] synthesizing module 'driver_7seg_6digits' [C:/Users/Gg229/Desktop/Digital_Electronis/DigitalClock/DigitalClock.srcs/sources_1/new/driver_7seg_6digits.vhd:44]
INFO: [Synth 8-638] synthesizing module 'clock_enable__parameterized0' [C:/Users/Gg229/Desktop/Digital_Electronis/DigitalClock/DigitalClock.srcs/sources_1/new/clock_enable.vhd:36]
	Parameter g_MAX bound to: 4 - type: integer 
INFO: [Synth 8-256] done synthesizing module 'clock_enable__parameterized0' (3#1) [C:/Users/Gg229/Desktop/Digital_Electronis/DigitalClock/DigitalClock.srcs/sources_1/new/clock_enable.vhd:36]
INFO: [Synth 8-638] synthesizing module 'hex_7seg' [C:/Users/Gg229/Desktop/Digital_Electronis/DigitalClock/DigitalClock.srcs/sources_1/new/hex_7seg.vhd:39]
INFO: [Synth 8-256] done synthesizing module 'hex_7seg' (4#1) [C:/Users/Gg229/Desktop/Digital_Electronis/DigitalClock/DigitalClock.srcs/sources_1/new/hex_7seg.vhd:39]
INFO: [Synth 8-256] done synthesizing module 'driver_7seg_6digits' (5#1) [C:/Users/Gg229/Desktop/Digital_Electronis/DigitalClock/DigitalClock.srcs/sources_1/new/driver_7seg_6digits.vhd:44]
WARNING: [Synth 8-3848] Net LED in module/entity Top does not have driver. [C:/Users/Gg229/Desktop/Digital_Electronis/DigitalClock/DigitalClock.srcs/sources_1/new/Top.vhd:17]
WARNING: [Synth 8-3848] Net DP in module/entity Top does not have driver. [C:/Users/Gg229/Desktop/Digital_Electronis/DigitalClock/DigitalClock.srcs/sources_1/new/Top.vhd:25]
CRITICAL WARNING: [Synth 8-6859] multi-driven net on pin C:/Users/Gg229/Desktop/Digital_Electronis/DigitalClock/DigitalClock.srcs/sources_1/new/Top.vhd-14.0, C:/Users/Gg229/Desktop/Digital_Electronis/DigitalClock/DigitalClock.srcs/sources_1/new/Top.vhd-31.0 with 1st driver pin 'Top:/driver_seg_6_i/dig_o[0]' [C:/Users/Gg229/Desktop/Digital_Electronis/DigitalClock/DigitalClock.srcs/sources_1/new/Top.vhd:14]
CRITICAL WARNING: [Synth 8-6859] multi-driven net on pin C:/Users/Gg229/Desktop/Digital_Electronis/DigitalClock/DigitalClock.srcs/sources_1/new/Top.vhd-14.0, C:/Users/Gg229/Desktop/Digital_Electronis/DigitalClock/DigitalClock.srcs/sources_1/new/Top.vhd-31.0 with 2nd driver pin 'GND' [C:/Users/Gg229/Desktop/Digital_Electronis/DigitalClock/DigitalClock.srcs/sources_1/new/Top.vhd:14]
CRITICAL WARNING: [Synth 8-6858] multi-driven net C:/Users/Gg229/Desktop/Digital_Electronis/DigitalClock/DigitalClock.srcs/sources_1/new/Top.vhd-14.0, C:/Users/Gg229/Desktop/Digital_Electronis/DigitalClock/DigitalClock.srcs/sources_1/new/Top.vhd-31.0 is connected to at least one constant driver which has been preserved, other driver is ignored [C:/Users/Gg229/Desktop/Digital_Electronis/DigitalClock/DigitalClock.srcs/sources_1/new/Top.vhd:14]
CRITICAL WARNING: [Synth 8-6859] multi-driven net on pin C:/Users/Gg229/Desktop/Digital_Electronis/DigitalClock/DigitalClock.srcs/sources_1/new/Top.vhd-14.0, C:/Users/Gg229/Desktop/Digital_Electronis/DigitalClock/DigitalClock.srcs/sources_1/new/Top.vhd-31.0 with 1st driver pin 'Top:/driver_seg_6_i/dig_o[1]' [C:/Users/Gg229/Desktop/Digital_Electronis/DigitalClock/DigitalClock.srcs/sources_1/new/Top.vhd:14]
CRITICAL WARNING: [Synth 8-6859] multi-driven net on pin C:/Users/Gg229/Desktop/Digital_Electronis/DigitalClock/DigitalClock.srcs/sources_1/new/Top.vhd-14.0, C:/Users/Gg229/Desktop/Digital_Electronis/DigitalClock/DigitalClock.srcs/sources_1/new/Top.vhd-31.0 with 2nd driver pin 'VCC' [C:/Users/Gg229/Desktop/Digital_Electronis/DigitalClock/DigitalClock.srcs/sources_1/new/Top.vhd:14]
CRITICAL WARNING: [Synth 8-6858] multi-driven net C:/Users/Gg229/Desktop/Digital_Electronis/DigitalClock/DigitalClock.srcs/sources_1/new/Top.vhd-14.0, C:/Users/Gg229/Desktop/Digital_Electronis/DigitalClock/DigitalClock.srcs/sources_1/new/Top.vhd-31.0 is connected to at least one constant driver which has been preserved, other driver is ignored [C:/Users/Gg229/Desktop/Digital_Electronis/DigitalClock/DigitalClock.srcs/sources_1/new/Top.vhd:14]
CRITICAL WARNING: [Synth 8-6859] multi-driven net on pin C:/Users/Gg229/Desktop/Digital_Electronis/DigitalClock/DigitalClock.srcs/sources_1/new/Top.vhd-14.0, C:/Users/Gg229/Desktop/Digital_Electronis/DigitalClock/DigitalClock.srcs/sources_1/new/Top.vhd-31.0 with 1st driver pin 'Top:/driver_seg_6_i/dig_o[2]' [C:/Users/Gg229/Desktop/Digital_Electronis/DigitalClock/DigitalClock.srcs/sources_1/new/Top.vhd:14]
CRITICAL WARNING: [Synth 8-6859] multi-driven net on pin C:/Users/Gg229/Desktop/Digital_Electronis/DigitalClock/DigitalClock.srcs/sources_1/new/Top.vhd-14.0, C:/Users/Gg229/Desktop/Digital_Electronis/DigitalClock/DigitalClock.srcs/sources_1/new/Top.vhd-31.0 with 2nd driver pin 'VCC' [C:/Users/Gg229/Desktop/Digital_Electronis/DigitalClock/DigitalClock.srcs/sources_1/new/Top.vhd:14]
CRITICAL WARNING: [Synth 8-6858] multi-driven net C:/Users/Gg229/Desktop/Digital_Electronis/DigitalClock/DigitalClock.srcs/sources_1/new/Top.vhd-14.0, C:/Users/Gg229/Desktop/Digital_Electronis/DigitalClock/DigitalClock.srcs/sources_1/new/Top.vhd-31.0 is connected to at least one constant driver which has been preserved, other driver is ignored [C:/Users/Gg229/Desktop/Digital_Electronis/DigitalClock/DigitalClock.srcs/sources_1/new/Top.vhd:14]
CRITICAL WARNING: [Synth 8-6859] multi-driven net on pin C:/Users/Gg229/Desktop/Digital_Electronis/DigitalClock/DigitalClock.srcs/sources_1/new/Top.vhd-14.0, C:/Users/Gg229/Desktop/Digital_Electronis/DigitalClock/DigitalClock.srcs/sources_1/new/Top.vhd-31.0 with 1st driver pin 'Top:/driver_seg_6_i/dig_o[3]' [C:/Users/Gg229/Desktop/Digital_Electronis/DigitalClock/DigitalClock.srcs/sources_1/new/Top.vhd:14]
CRITICAL WARNING: [Synth 8-6859] multi-driven net on pin C:/Users/Gg229/Desktop/Digital_Electronis/DigitalClock/DigitalClock.srcs/sources_1/new/Top.vhd-14.0, C:/Users/Gg229/Desktop/Digital_Electronis/DigitalClock/DigitalClock.srcs/sources_1/new/Top.vhd-31.0 with 2nd driver pin 'VCC' [C:/Users/Gg229/Desktop/Digital_Electronis/DigitalClock/DigitalClock.srcs/sources_1/new/Top.vhd:14]
CRITICAL WARNING: [Synth 8-6858] multi-driven net C:/Users/Gg229/Desktop/Digital_Electronis/DigitalClock/DigitalClock.srcs/sources_1/new/Top.vhd-14.0, C:/Users/Gg229/Desktop/Digital_Electronis/DigitalClock/DigitalClock.srcs/sources_1/new/Top.vhd-31.0 is connected to at least one constant driver which has been preserved, other driver is ignored [C:/Users/Gg229/Desktop/Digital_Electronis/DigitalClock/DigitalClock.srcs/sources_1/new/Top.vhd:14]
CRITICAL WARNING: [Synth 8-6859] multi-driven net on pin C:/Users/Gg229/Desktop/Digital_Electronis/DigitalClock/DigitalClock.srcs/sources_1/new/Top.vhd-14.0, C:/Users/Gg229/Desktop/Digital_Electronis/DigitalClock/DigitalClock.srcs/sources_1/new/Top.vhd-31.0 with 1st driver pin 'Top:/driver_seg_6_i/dig_o[4]' [C:/Users/Gg229/Desktop/Digital_Electronis/DigitalClock/DigitalClock.srcs/sources_1/new/Top.vhd:14]
CRITICAL WARNING: [Synth 8-6859] multi-driven net on pin C:/Users/Gg229/Desktop/Digital_Electronis/DigitalClock/DigitalClock.srcs/sources_1/new/Top.vhd-14.0, C:/Users/Gg229/Desktop/Digital_Electronis/DigitalClock/DigitalClock.srcs/sources_1/new/Top.vhd-31.0 with 2nd driver pin 'VCC' [C:/Users/Gg229/Desktop/Digital_Electronis/DigitalClock/DigitalClock.srcs/sources_1/new/Top.vhd:14]
CRITICAL WARNING: [Synth 8-6858] multi-driven net C:/Users/Gg229/Desktop/Digital_Electronis/DigitalClock/DigitalClock.srcs/sources_1/new/Top.vhd-14.0, C:/Users/Gg229/Desktop/Digital_Electronis/DigitalClock/DigitalClock.srcs/sources_1/new/Top.vhd-31.0 is connected to at least one constant driver which has been preserved, other driver is ignored [C:/Users/Gg229/Desktop/Digital_Electronis/DigitalClock/DigitalClock.srcs/sources_1/new/Top.vhd:14]
CRITICAL WARNING: [Synth 8-6859] multi-driven net on pin C:/Users/Gg229/Desktop/Digital_Electronis/DigitalClock/DigitalClock.srcs/sources_1/new/Top.vhd-14.0, C:/Users/Gg229/Desktop/Digital_Electronis/DigitalClock/DigitalClock.srcs/sources_1/new/Top.vhd-31.0 with 1st driver pin 'Top:/driver_seg_6_i/dig_o[5]' [C:/Users/Gg229/Desktop/Digital_Electronis/DigitalClock/DigitalClock.srcs/sources_1/new/Top.vhd:14]
CRITICAL WARNING: [Synth 8-6859] multi-driven net on pin C:/Users/Gg229/Desktop/Digital_Electronis/DigitalClock/DigitalClock.srcs/sources_1/new/Top.vhd-14.0, C:/Users/Gg229/Desktop/Digital_Electronis/DigitalClock/DigitalClock.srcs/sources_1/new/Top.vhd-31.0 with 2nd driver pin 'VCC' [C:/Users/Gg229/Desktop/Digital_Electronis/DigitalClock/DigitalClock.srcs/sources_1/new/Top.vhd:14]
CRITICAL WARNING: [Synth 8-6858] multi-driven net C:/Users/Gg229/Desktop/Digital_Electronis/DigitalClock/DigitalClock.srcs/sources_1/new/Top.vhd-14.0, C:/Users/Gg229/Desktop/Digital_Electronis/DigitalClock/DigitalClock.srcs/sources_1/new/Top.vhd-31.0 is connected to at least one constant driver which has been preserved, other driver is ignored [C:/Users/Gg229/Desktop/Digital_Electronis/DigitalClock/DigitalClock.srcs/sources_1/new/Top.vhd:14]
INFO: [Synth 8-256] done synthesizing module 'Top' (6#1) [C:/Users/Gg229/Desktop/Digital_Electronis/DigitalClock/DigitalClock.srcs/sources_1/new/Top.vhd:31]
WARNING: [Synth 8-3917] design Top has port AN[5] driven by constant 1
WARNING: [Synth 8-3917] design Top has port AN[4] driven by constant 1
WARNING: [Synth 8-3917] design Top has port AN[3] driven by constant 1
WARNING: [Synth 8-3917] design Top has port AN[2] driven by constant 1
WARNING: [Synth 8-3917] design Top has port AN[1] driven by constant 1
WARNING: [Synth 8-3917] design Top has port AN[0] driven by constant 0
WARNING: [Synth 8-7129] Port rst in module Clock is either unconnected or has no load
WARNING: [Synth 8-7129] Port LED[3] in module Top is either unconnected or has no load
WARNING: [Synth 8-7129] Port LED[2] in module Top is either unconnected or has no load
WARNING: [Synth 8-7129] Port LED[1] in module Top is either unconnected or has no load
WARNING: [Synth 8-7129] Port LED[0] in module Top is either unconnected or has no load
WARNING: [Synth 8-7129] Port DP in module Top is either unconnected or has no load
---------------------------------------------------------------------------------
Finished RTL Elaboration : Time (s): cpu = 00:00:12 ; elapsed = 00:00:12 . Memory (MB): peak = 1261.566 ; gain = 0.000
---------------------------------------------------------------------------------
---------------------------------------------------------------------------------
Start Handling Custom Attributes
---------------------------------------------------------------------------------
---------------------------------------------------------------------------------
Finished Handling Custom Attributes : Time (s): cpu = 00:00:13 ; elapsed = 00:00:13 . Memory (MB): peak = 1261.566 ; gain = 0.000
---------------------------------------------------------------------------------
---------------------------------------------------------------------------------
Finished RTL Optimization Phase 1 : Time (s): cpu = 00:00:13 ; elapsed = 00:00:13 . Memory (MB): peak = 1261.566 ; gain = 0.000
---------------------------------------------------------------------------------
Netlist sorting complete. Time (s): cpu = 00:00:00 ; elapsed = 00:00:00.004 . Memory (MB): peak = 1261.566 ; gain = 0.000
INFO: [Project 1-570] Preparing netlist for logic optimization

Processing XDC Constraints
Initializing timing engine
Parsing XDC File [C:/Users/Gg229/Desktop/Digital_Electronis/DigitalClock/DigitalClock.srcs/constrs_1/new/Nexys-A7-50T.xdc]
WARNING: [Vivado 12-584] No ports matched 'AN[6]'. [C:/Users/Gg229/Desktop/Digital_Electronis/DigitalClock/DigitalClock.srcs/constrs_1/new/Nexys-A7-50T.xdc:69]
CRITICAL WARNING: [Common 17-55] 'set_property' expects at least one object. [C:/Users/Gg229/Desktop/Digital_Electronis/DigitalClock/DigitalClock.srcs/constrs_1/new/Nexys-A7-50T.xdc:69]
Resolution: If [get_<value>] was used to populate the object, check to make sure this command returns at least one valid object.
WARNING: [Vivado 12-584] No ports matched 'AN[7]'. [C:/Users/Gg229/Desktop/Digital_Electronis/DigitalClock/DigitalClock.srcs/constrs_1/new/Nexys-A7-50T.xdc:70]
CRITICAL WARNING: [Common 17-55] 'set_property' expects at least one object. [C:/Users/Gg229/Desktop/Digital_Electronis/DigitalClock/DigitalClock.srcs/constrs_1/new/Nexys-A7-50T.xdc:70]
Resolution: If [get_<value>] was used to populate the object, check to make sure this command returns at least one valid object.
Finished Parsing XDC File [C:/Users/Gg229/Desktop/Digital_Electronis/DigitalClock/DigitalClock.srcs/constrs_1/new/Nexys-A7-50T.xdc]
INFO: [Project 1-236] Implementation specific constraints were found while reading constraint file [C:/Users/Gg229/Desktop/Digital_Electronis/DigitalClock/DigitalClock.srcs/constrs_1/new/Nexys-A7-50T.xdc]. These constraints will be ignored for synthesis but will be used in implementation. Impacted constraints are listed in the file [.Xil/Top_propImpl.xdc].
Resolution: To avoid this warning, move constraints listed in [.Xil/Top_propImpl.xdc] to another XDC file and exclude this new file from synthesis with the used_in_synthesis property (File Properties dialog in GUI) and re-run elaboration/synthesis.
Completed Processing XDC Constraints

Netlist sorting complete. Time (s): cpu = 00:00:00 ; elapsed = 00:00:00 . Memory (MB): peak = 1261.566 ; gain = 0.000
INFO: [Project 1-111] Unisim Transformation Summary:
No Unisim elements were transformed.

Constraint Validation Runtime : Time (s): cpu = 00:00:00 ; elapsed = 00:00:00.006 . Memory (MB): peak = 1261.566 ; gain = 0.000
---------------------------------------------------------------------------------
Finished Constraint Validation : Time (s): cpu = 00:00:26 ; elapsed = 00:00:27 . Memory (MB): peak = 1261.566 ; gain = 0.000
---------------------------------------------------------------------------------
---------------------------------------------------------------------------------
Start Loading Part and Timing Information
---------------------------------------------------------------------------------
Loading part: xc7a50ticsg324-1L
---------------------------------------------------------------------------------
Finished Loading Part and Timing Information : Time (s): cpu = 00:00:26 ; elapsed = 00:00:27 . Memory (MB): peak = 1261.566 ; gain = 0.000
---------------------------------------------------------------------------------
---------------------------------------------------------------------------------
Start Applying 'set_property' XDC Constraints
---------------------------------------------------------------------------------
---------------------------------------------------------------------------------
Finished applying 'set_property' XDC Constraints : Time (s): cpu = 00:00:26 ; elapsed = 00:00:27 . Memory (MB): peak = 1261.566 ; gain = 0.000
---------------------------------------------------------------------------------
---------------------------------------------------------------------------------
Finished RTL Optimization Phase 2 : Time (s): cpu = 00:00:26 ; elapsed = 00:00:28 . Memory (MB): peak = 1261.566 ; gain = 0.000
---------------------------------------------------------------------------------
---------------------------------------------------------------------------------
Start RTL Component Statistics 
---------------------------------------------------------------------------------
Detailed RTL Component Info : 
+---Adders : 
	   2 Input    4 Bit       Adders := 6     
	   2 Input    3 Bit       Adders := 2     
+---Registers : 
	                6 Bit    Registers := 1     
	                4 Bit    Registers := 7     
	                3 Bit    Registers := 2     
	                1 Bit    Registers := 3     
+---Muxes : 
	   6 Input    6 Bit        Muxes := 1     
	   2 Input    4 Bit        Muxes := 1     
	   2 Input    2 Bit        Muxes := 2     
	   2 Input    1 Bit        Muxes := 4     
---------------------------------------------------------------------------------
Finished RTL Component Statistics 
---------------------------------------------------------------------------------
---------------------------------------------------------------------------------
Start Part Resource Summary
---------------------------------------------------------------------------------
Part Resources:
DSPs: 120 (col length:60)
BRAMs: 150 (col length: RAMB18 60 RAMB36 30)
---------------------------------------------------------------------------------
Finished Part Resource Summary
---------------------------------------------------------------------------------
---------------------------------------------------------------------------------
Start Cross Boundary and Area Optimization
---------------------------------------------------------------------------------
WARNING: [Synth 8-7080] Parallel synthesis criteria is not met
WARNING: [Synth 8-3917] design Top has port AN[5] driven by constant 1
WARNING: [Synth 8-3917] design Top has port AN[4] driven by constant 1
WARNING: [Synth 8-3917] design Top has port AN[3] driven by constant 1
WARNING: [Synth 8-3917] design Top has port AN[2] driven by constant 1
WARNING: [Synth 8-3917] design Top has port AN[1] driven by constant 1
WARNING: [Synth 8-3917] design Top has port AN[0] driven by constant 0
WARNING: [Synth 8-7129] Port LED[3] in module Top is either unconnected or has no load
WARNING: [Synth 8-7129] Port LED[2] in module Top is either unconnected or has no load
WARNING: [Synth 8-7129] Port LED[1] in module Top is either unconnected or has no load
WARNING: [Synth 8-7129] Port LED[0] in module Top is either unconnected or has no load
WARNING: [Synth 8-7129] Port DP in module Top is either unconnected or has no load
WARNING: [Synth 8-7129] Port SW in module Top is either unconnected or has no load
CRITICAL WARNING: [Synth 8-6859] multi-driven net on pin dig_o[5] with 1st driver pin 'driver_seg_6_i/dig_o_reg[5]/Q' [C:/Users/Gg229/Desktop/Digital_Electronis/DigitalClock/DigitalClock.srcs/sources_1/new/driver_7seg_6digits.vhd:103]
CRITICAL WARNING: [Synth 8-6859] multi-driven net on pin dig_o[5] with 2nd driver pin 'VCC' [C:/Users/Gg229/Desktop/Digital_Electronis/DigitalClock/DigitalClock.srcs/sources_1/new/driver_7seg_6digits.vhd:103]
CRITICAL WARNING: [Synth 8-6858] multi-driven net dig_o[5] is connected to at least one constant driver which has been preserved, other driver is ignored [C:/Users/Gg229/Desktop/Digital_Electronis/DigitalClock/DigitalClock.srcs/sources_1/new/driver_7seg_6digits.vhd:103]
CRITICAL WARNING: [Synth 8-6859] multi-driven net on pin dig_o[4] with 1st driver pin 'driver_seg_6_i/dig_o_reg[4]/Q' [C:/Users/Gg229/Desktop/Digital_Electronis/DigitalClock/DigitalClock.srcs/sources_1/new/driver_7seg_6digits.vhd:103]
CRITICAL WARNING: [Synth 8-6859] multi-driven net on pin dig_o[4] with 2nd driver pin 'VCC' [C:/Users/Gg229/Desktop/Digital_Electronis/DigitalClock/DigitalClock.srcs/sources_1/new/driver_7seg_6digits.vhd:103]
CRITICAL WARNING: [Synth 8-6858] multi-driven net dig_o[4] is connected to at least one constant driver which has been preserved, other driver is ignored [C:/Users/Gg229/Desktop/Digital_Electronis/DigitalClock/DigitalClock.srcs/sources_1/new/driver_7seg_6digits.vhd:103]
CRITICAL WARNING: [Synth 8-6859] multi-driven net on pin dig_o[3] with 1st driver pin 'driver_seg_6_i/dig_o_reg[3]/Q' [C:/Users/Gg229/Desktop/Digital_Electronis/DigitalClock/DigitalClock.srcs/sources_1/new/driver_7seg_6digits.vhd:103]
CRITICAL WARNING: [Synth 8-6859] multi-driven net on pin dig_o[3] with 2nd driver pin 'VCC' [C:/Users/Gg229/Desktop/Digital_Electronis/DigitalClock/DigitalClock.srcs/sources_1/new/driver_7seg_6digits.vhd:103]
CRITICAL WARNING: [Synth 8-6858] multi-driven net dig_o[3] is connected to at least one constant driver which has been preserved, other driver is ignored [C:/Users/Gg229/Desktop/Digital_Electronis/DigitalClock/DigitalClock.srcs/sources_1/new/driver_7seg_6digits.vhd:103]
CRITICAL WARNING: [Synth 8-6859] multi-driven net on pin dig_o[2] with 1st driver pin 'driver_seg_6_i/dig_o_reg[2]/Q' [C:/Users/Gg229/Desktop/Digital_Electronis/DigitalClock/DigitalClock.srcs/sources_1/new/driver_7seg_6digits.vhd:103]
CRITICAL WARNING: [Synth 8-6859] multi-driven net on pin dig_o[2] with 2nd driver pin 'VCC' [C:/Users/Gg229/Desktop/Digital_Electronis/DigitalClock/DigitalClock.srcs/sources_1/new/driver_7seg_6digits.vhd:103]
CRITICAL WARNING: [Synth 8-6858] multi-driven net dig_o[2] is connected to at least one constant driver which has been preserved, other driver is ignored [C:/Users/Gg229/Desktop/Digital_Electronis/DigitalClock/DigitalClock.srcs/sources_1/new/driver_7seg_6digits.vhd:103]
CRITICAL WARNING: [Synth 8-6859] multi-driven net on pin dig_o[1] with 1st driver pin 'driver_seg_6_i/dig_o_reg[1]/Q' [C:/Users/Gg229/Desktop/Digital_Electronis/DigitalClock/DigitalClock.srcs/sources_1/new/driver_7seg_6digits.vhd:103]
CRITICAL WARNING: [Synth 8-6859] multi-driven net on pin dig_o[1] with 2nd driver pin 'VCC' [C:/Users/Gg229/Desktop/Digital_Electronis/DigitalClock/DigitalClock.srcs/sources_1/new/driver_7seg_6digits.vhd:103]
CRITICAL WARNING: [Synth 8-6858] multi-driven net dig_o[1] is connected to at least one constant driver which has been preserved, other driver is ignored [C:/Users/Gg229/Desktop/Digital_Electronis/DigitalClock/DigitalClock.srcs/sources_1/new/driver_7seg_6digits.vhd:103]
CRITICAL WARNING: [Synth 8-6859] multi-driven net on pin dig_o[0] with 1st driver pin 'driver_seg_6_i/dig_o_reg[0]/Q' [C:/Users/Gg229/Desktop/Digital_Electronis/DigitalClock/DigitalClock.srcs/sources_1/new/driver_7seg_6digits.vhd:103]
CRITICAL WARNING: [Synth 8-6859] multi-driven net on pin dig_o[0] with 2nd driver pin 'GND' [C:/Users/Gg229/Desktop/Digital_Electronis/DigitalClock/DigitalClock.srcs/sources_1/new/driver_7seg_6digits.vhd:103]
CRITICAL WARNING: [Synth 8-6858] multi-driven net dig_o[0] is connected to at least one constant driver which has been preserved, other driver is ignored [C:/Users/Gg229/Desktop/Digital_Electronis/DigitalClock/DigitalClock.srcs/sources_1/new/driver_7seg_6digits.vhd:103]
---------------------------------------------------------------------------------
Finished Cross Boundary and Area Optimization : Time (s): cpu = 00:00:31 ; elapsed = 00:00:32 . Memory (MB): peak = 1261.566 ; gain = 0.000
---------------------------------------------------------------------------------
---------------------------------------------------------------------------------
Start Applying XDC Timing Constraints
---------------------------------------------------------------------------------
---------------------------------------------------------------------------------
Finished Applying XDC Timing Constraints : Time (s): cpu = 00:00:42 ; elapsed = 00:00:43 . Memory (MB): peak = 1261.566 ; gain = 0.000
---------------------------------------------------------------------------------
---------------------------------------------------------------------------------
Start Timing Optimization
---------------------------------------------------------------------------------
---------------------------------------------------------------------------------
Finished Timing Optimization : Time (s): cpu = 00:00:42 ; elapsed = 00:00:44 . Memory (MB): peak = 1261.566 ; gain = 0.000
---------------------------------------------------------------------------------
---------------------------------------------------------------------------------
Start Technology Mapping
---------------------------------------------------------------------------------
---------------------------------------------------------------------------------
Finished Technology Mapping : Time (s): cpu = 00:00:42 ; elapsed = 00:00:44 . Memory (MB): peak = 1261.566 ; gain = 0.000
---------------------------------------------------------------------------------
---------------------------------------------------------------------------------
Start IO Insertion
---------------------------------------------------------------------------------
---------------------------------------------------------------------------------
Start Flattening Before IO Insertion
---------------------------------------------------------------------------------
---------------------------------------------------------------------------------
Finished Flattening Before IO Insertion
---------------------------------------------------------------------------------
---------------------------------------------------------------------------------
Start Final Netlist Cleanup
---------------------------------------------------------------------------------
---------------------------------------------------------------------------------
Finished Final Netlist Cleanup
---------------------------------------------------------------------------------
---------------------------------------------------------------------------------
Finished IO Insertion : Time (s): cpu = 00:00:52 ; elapsed = 00:00:54 . Memory (MB): peak = 1261.566 ; gain = 0.000
---------------------------------------------------------------------------------
---------------------------------------------------------------------------------
Start Renaming Generated Instances
---------------------------------------------------------------------------------
---------------------------------------------------------------------------------
Finished Renaming Generated Instances : Time (s): cpu = 00:00:52 ; elapsed = 00:00:54 . Memory (MB): peak = 1261.566 ; gain = 0.000
---------------------------------------------------------------------------------
---------------------------------------------------------------------------------
Start Rebuilding User Hierarchy
---------------------------------------------------------------------------------
---------------------------------------------------------------------------------
Finished Rebuilding User Hierarchy : Time (s): cpu = 00:00:52 ; elapsed = 00:00:54 . Memory (MB): peak = 1261.566 ; gain = 0.000
---------------------------------------------------------------------------------
---------------------------------------------------------------------------------
Start Renaming Generated Ports
---------------------------------------------------------------------------------
---------------------------------------------------------------------------------
Finished Renaming Generated Ports : Time (s): cpu = 00:00:52 ; elapsed = 00:00:54 . Memory (MB): peak = 1261.566 ; gain = 0.000
---------------------------------------------------------------------------------
---------------------------------------------------------------------------------
Start Handling Custom Attributes
---------------------------------------------------------------------------------
---------------------------------------------------------------------------------
Finished Handling Custom Attributes : Time (s): cpu = 00:00:52 ; elapsed = 00:00:54 . Memory (MB): peak = 1261.566 ; gain = 0.000
---------------------------------------------------------------------------------
---------------------------------------------------------------------------------
Start Renaming Generated Nets
---------------------------------------------------------------------------------
---------------------------------------------------------------------------------
Finished Renaming Generated Nets : Time (s): cpu = 00:00:52 ; elapsed = 00:00:54 . Memory (MB): peak = 1261.566 ; gain = 0.000
---------------------------------------------------------------------------------
---------------------------------------------------------------------------------
Start Writing Synthesis Report
---------------------------------------------------------------------------------

Report BlackBoxes: 
+-+--------------+----------+
| |BlackBox name |Instances |
+-+--------------+----------+
+-+--------------+----------+

Report Cell Usage: 
+------+-------+------+
|      |Cell   |Count |
+------+-------+------+
|1     |BUFG   |     1|
|2     |CARRY4 |     8|
|3     |LUT1   |     6|
|4     |LUT2   |     6|
|5     |LUT3   |     7|
|6     |LUT4   |    26|
|7     |LUT5   |     8|
|8     |LUT6   |    14|
|9     |FDRE   |    63|
|10    |IBUF   |     2|
|11    |OBUF   |    13|
|12    |OBUFT  |     5|
+------+-------+------+
---------------------------------------------------------------------------------
Finished Writing Synthesis Report : Time (s): cpu = 00:00:52 ; elapsed = 00:00:54 . Memory (MB): peak = 1261.566 ; gain = 0.000
---------------------------------------------------------------------------------
Synthesis finished with 0 errors, 18 critical warnings and 13 warnings.
Synthesis Optimization Runtime : Time (s): cpu = 00:00:36 ; elapsed = 00:00:51 . Memory (MB): peak = 1261.566 ; gain = 0.000
Synthesis Optimization Complete : Time (s): cpu = 00:00:52 ; elapsed = 00:00:54 . Memory (MB): peak = 1261.566 ; gain = 0.000
INFO: [Project 1-571] Translating synthesized netlist
Netlist sorting complete. Time (s): cpu = 00:00:00 ; elapsed = 00:00:00.003 . Memory (MB): peak = 1261.566 ; gain = 0.000
INFO: [Netlist 29-17] Analyzing 8 Unisim elements for replacement
INFO: [Netlist 29-28] Unisim Transformation completed in 0 CPU seconds
INFO: [Project 1-570] Preparing netlist for logic optimization
INFO: [Opt 31-138] Pushed 0 inverter(s) to 0 load pin(s).
Netlist sorting complete. Time (s): cpu = 00:00:00 ; elapsed = 00:00:00 . Memory (MB): peak = 1261.566 ; gain = 0.000
INFO: [Project 1-111] Unisim Transformation Summary:
No Unisim elements were transformed.

Synth Design complete, checksum: f3f2949d
INFO: [Common 17-83] Releasing license: Synthesis
29 Infos, 29 Warnings, 38 Critical Warnings and 0 Errors encountered.
synth_design completed successfully
synth_design: Time (s): cpu = 00:00:59 ; elapsed = 00:01:03 . Memory (MB): peak = 1261.566 ; gain = 0.000
INFO: [runtcl-6] Synthesis results are not added to the cache due to CRITICAL_WARNING
INFO: [Common 17-1381] The checkpoint 'C:/Users/Gg229/Desktop/Digital_Electronis/DigitalClock/DigitalClock.runs/synth_1/Top.dcp' has been generated.
INFO: [runtcl-4] Executing : report_utilization -file Top_utilization_synth.rpt -pb Top_utilization_synth.pb
INFO: [Common 17-206] Exiting Vivado at Thu Apr 21 14:22:09 2022...
